<?xml version="1.0" encoding="UTF-8"?>
<!-- Generated by org.testng.reporters.JUnitXMLReporter -->
<testsuite ignored="0" hostname="LAPTOP-LR60D6IR" failures="0" tests="19" name="Test" time="264.581" errors="0" timestamp="2025-09-02T08:50:21 IST">
  <testcase classname="testCases.TC0001_LoginTest" name="Invalidlogincheck" time="5.044"/>
  <testcase classname="testCases.TC0002_Valid_LoginTest" name="ValidLoginCheck" time="6.605"/>
  <testcase classname="testCases.TC0003_LoginTest_DDT" name="VerifyLoginDDT" time="13.592"/>
  <testcase classname="testCases.TC0003_LoginTest_DDT" name="VerifyLoginDDT" time="14.45"/>
  <testcase classname="testCases.TC0003_LoginTest_DDT" name="VerifyLoginDDT" time="14.238"/>
  <testcase classname="testCases.TC0003_LoginTest_DDT" name="VerifyLoginDDT" time="12.536"/>
  <testcase classname="testCases.TC0003_LoginTest_DDT" name="VerifyLoginDDT" time="15.325"/>
  <testcase classname="testCases.TC0003_LoginTest_DDT" name="VerifyLoginDDT" time="12.607"/>
  <testcase classname="testCases.TC0003_LoginTest_DDT" name="VerifyLoginDDT" time="12.684"/>
  <testcase classname="testCases.TC0003_LoginTest_DDT" name="VerifyLoginDDT" time="12.685"/>
  <testcase classname="testCases.TC0003_LoginTest_DDT" name="VerifyLoginDDT" time="12.578"/>
  <testcase classname="testCases.TC0003_LoginTest_DDT" name="VerifyLoginDDT" time="12.537"/>
  <testcase classname="testCases.TC0003_LoginTest_DDT" name="VerifyLoginDDT" time="12.716"/>
  <testcase classname="testCases.TC0003_LoginTest_DDT" name="VerifyLoginDDT" time="12.332"/>
  <testcase classname="testCases.TC0003_LoginTest_DDT" name="VerifyLoginDDT" time="12.698"/>
  <testcase classname="testCases.TC0003_LoginTest_DDT" name="VerifyLoginDDT" time="12.82"/>
  <testcase classname="testCases.TC0003_LoginTest_DDT" name="VerifyLoginDDT" time="12.746"/>
  <testcase classname="testCases.TC0003_LoginTest_DDT" name="VerifyLoginDDT" time="12.706"/>
  <testcase classname="testCases.TC0003_LoginTest_DDT" name="VerifyLoginDDT" time="12.653"/>
</testsuite> <!-- Test -->
