<?xml version="1.0" encoding="UTF-8"?>
<testng-results ignored="0" total="19" passed="19" failed="0" skipped="0">
  <reporter-output>
  </reporter-output>
  <suite started-at="2025-09-02T08:45:54 IST" name="Suite" finished-at="2025-09-02T08:50:19 IST" duration-ms="264581">
    <groups>
      <group name="sanity">
        <method signature="TC0001_LoginTest.Invalidlogincheck()[pri:0, instance:testCases.TC0001_LoginTest@4c163e3]" name="Invalidlogincheck" class="testCases.TC0001_LoginTest"/>
      </group> <!-- sanity -->
    </groups>
    <test started-at="2025-09-02T08:45:54 IST" name="Test" finished-at="2025-09-02T08:50:19 IST" duration-ms="264581">
      <class name="testCases.TC0003_LoginTest_DDT">
        <test-method is-config="true" signature="setup(java.lang.String,java.lang.String)[pri:0, instance:testCases.TC0003_LoginTest_DDT@4bdeaabb]" started-at="2025-09-02T08:46:23 IST" name="setup" finished-at="2025-09-02T08:46:33 IST" duration-ms="9847" status="PASS">
          <params>
            <param index="0">
              <value>
                <![CDATA[Windows]]>
              </value>
            </param>
            <param index="1">
              <value>
                <![CDATA[chrome]]>
              </value>
            </param>
          </params>
          <reporter-output>
          </reporter-output>
        </test-method> <!-- setup -->
        <test-method signature="VerifyLoginDDT(java.lang.String,java.lang.String,java.lang.String)[pri:0, instance:testCases.TC0003_LoginTest_DDT@4bdeaabb]" started-at="2025-09-02T08:46:37 IST" name="VerifyLoginDDT" data-provider="LoginData" finished-at="2025-09-02T08:46:50 IST" duration-ms="13592" status="PASS">
          <params>
            <param index="0">
              <value>
                <![CDATA[YuvrajScan]]>
              </value>
            </param>
            <param index="1">
              <value>
                <![CDATA[Admin@2029]]>
              </value>
            </param>
            <param index="2">
              <value>
                <![CDATA[valid]]>
              </value>
            </param>
          </params>
          <reporter-output>
          </reporter-output>
        </test-method> <!-- VerifyLoginDDT -->
        <test-method signature="VerifyLoginDDT(java.lang.String,java.lang.String,java.lang.String)[pri:0, instance:testCases.TC0003_LoginTest_DDT@4bdeaabb]" started-at="2025-09-02T08:46:50 IST" name="VerifyLoginDDT" data-provider="LoginData" finished-at="2025-09-02T08:47:05 IST" duration-ms="14450" status="PASS">
          <params>
            <param index="0">
              <value>
                <![CDATA[YuvrajScan456]]>
              </value>
            </param>
            <param index="1">
              <value>
                <![CDATA[Admin@3456]]>
              </value>
            </param>
            <param index="2">
              <value>
                <![CDATA[Invalid]]>
              </value>
            </param>
          </params>
          <reporter-output>
          </reporter-output>
        </test-method> <!-- VerifyLoginDDT -->
        <test-method signature="VerifyLoginDDT(java.lang.String,java.lang.String,java.lang.String)[pri:0, instance:testCases.TC0003_LoginTest_DDT@4bdeaabb]" started-at="2025-09-02T08:47:05 IST" name="VerifyLoginDDT" data-provider="LoginData" finished-at="2025-09-02T08:47:19 IST" duration-ms="14238" status="PASS">
          <params>
            <param index="0">
              <value>
                <![CDATA[TestYuvraj789]]>
              </value>
            </param>
            <param index="1">
              <value>
                <![CDATA[Admin@0987]]>
              </value>
            </param>
            <param index="2">
              <value>
                <![CDATA[Invalid]]>
              </value>
            </param>
          </params>
          <reporter-output>
          </reporter-output>
        </test-method> <!-- VerifyLoginDDT -->
        <test-method signature="VerifyLoginDDT(java.lang.String,java.lang.String,java.lang.String)[pri:0, instance:testCases.TC0003_LoginTest_DDT@4bdeaabb]" started-at="2025-09-02T08:47:19 IST" name="VerifyLoginDDT" data-provider="LoginData" finished-at="2025-09-02T08:47:32 IST" duration-ms="12536" status="PASS">
          <params>
            <param index="0">
              <value>
                <![CDATA[TestBhamare3456]]>
              </value>
            </param>
            <param index="1">
              <value>
                <![CDATA[Section@1456]]>
              </value>
            </param>
            <param index="2">
              <value>
                <![CDATA[Invalid]]>
              </value>
            </param>
          </params>
          <reporter-output>
          </reporter-output>
        </test-method> <!-- VerifyLoginDDT -->
        <test-method signature="VerifyLoginDDT(java.lang.String,java.lang.String,java.lang.String)[pri:0, instance:testCases.TC0003_LoginTest_DDT@4bdeaabb]" started-at="2025-09-02T08:47:32 IST" name="VerifyLoginDDT" data-provider="LoginData" finished-at="2025-09-02T08:47:47 IST" duration-ms="15325" status="PASS">
          <params>
            <param index="0">
              <value>
                <![CDATA[AbcTest123]]>
              </value>
            </param>
            <param index="1">
              <value>
                <![CDATA[GoodQa@123]]>
              </value>
            </param>
            <param index="2">
              <value>
                <![CDATA[Invalid]]>
              </value>
            </param>
          </params>
          <reporter-output>
          </reporter-output>
        </test-method> <!-- VerifyLoginDDT -->
        <test-method signature="VerifyLoginDDT(java.lang.String,java.lang.String,java.lang.String)[pri:0, instance:testCases.TC0003_LoginTest_DDT@4bdeaabb]" started-at="2025-09-02T08:47:47 IST" name="VerifyLoginDDT" data-provider="LoginData" finished-at="2025-09-02T08:48:00 IST" duration-ms="12607" status="PASS">
          <params>
            <param index="0">
              <value>
                <![CDATA[]]>
              </value>
            </param>
            <param index="1">
              <value>
                <![CDATA[]]>
              </value>
            </param>
            <param index="2">
              <value>
                <![CDATA[]]>
              </value>
            </param>
          </params>
          <reporter-output>
          </reporter-output>
        </test-method> <!-- VerifyLoginDDT -->
        <test-method signature="VerifyLoginDDT(java.lang.String,java.lang.String,java.lang.String)[pri:0, instance:testCases.TC0003_LoginTest_DDT@4bdeaabb]" started-at="2025-09-02T08:48:00 IST" name="VerifyLoginDDT" data-provider="LoginData" finished-at="2025-09-02T08:48:12 IST" duration-ms="12684" status="PASS">
          <params>
            <param index="0">
              <value>
                <![CDATA[]]>
              </value>
            </param>
            <param index="1">
              <value>
                <![CDATA[]]>
              </value>
            </param>
            <param index="2">
              <value>
                <![CDATA[]]>
              </value>
            </param>
          </params>
          <reporter-output>
          </reporter-output>
        </test-method> <!-- VerifyLoginDDT -->
        <test-method signature="VerifyLoginDDT(java.lang.String,java.lang.String,java.lang.String)[pri:0, instance:testCases.TC0003_LoginTest_DDT@4bdeaabb]" started-at="2025-09-02T08:48:12 IST" name="VerifyLoginDDT" data-provider="LoginData" finished-at="2025-09-02T08:48:25 IST" duration-ms="12685" status="PASS">
          <params>
            <param index="0">
              <value>
                <![CDATA[]]>
              </value>
            </param>
            <param index="1">
              <value>
                <![CDATA[]]>
              </value>
            </param>
            <param index="2">
              <value>
                <![CDATA[]]>
              </value>
            </param>
          </params>
          <reporter-output>
          </reporter-output>
        </test-method> <!-- VerifyLoginDDT -->
        <test-method signature="VerifyLoginDDT(java.lang.String,java.lang.String,java.lang.String)[pri:0, instance:testCases.TC0003_LoginTest_DDT@4bdeaabb]" started-at="2025-09-02T08:48:25 IST" name="VerifyLoginDDT" data-provider="LoginData" finished-at="2025-09-02T08:48:38 IST" duration-ms="12578" status="PASS">
          <params>
            <param index="0">
              <value>
                <![CDATA[]]>
              </value>
            </param>
            <param index="1">
              <value>
                <![CDATA[]]>
              </value>
            </param>
            <param index="2">
              <value>
                <![CDATA[]]>
              </value>
            </param>
          </params>
          <reporter-output>
          </reporter-output>
        </test-method> <!-- VerifyLoginDDT -->
        <test-method signature="VerifyLoginDDT(java.lang.String,java.lang.String,java.lang.String)[pri:0, instance:testCases.TC0003_LoginTest_DDT@4bdeaabb]" started-at="2025-09-02T08:48:38 IST" name="VerifyLoginDDT" data-provider="LoginData" finished-at="2025-09-02T08:48:50 IST" duration-ms="12537" status="PASS">
          <params>
            <param index="0">
              <value>
                <![CDATA[]]>
              </value>
            </param>
            <param index="1">
              <value>
                <![CDATA[]]>
              </value>
            </param>
            <param index="2">
              <value>
                <![CDATA[]]>
              </value>
            </param>
          </params>
          <reporter-output>
          </reporter-output>
        </test-method> <!-- VerifyLoginDDT -->
        <test-method signature="VerifyLoginDDT(java.lang.String,java.lang.String,java.lang.String)[pri:0, instance:testCases.TC0003_LoginTest_DDT@4bdeaabb]" started-at="2025-09-02T08:48:50 IST" name="VerifyLoginDDT" data-provider="LoginData" finished-at="2025-09-02T08:49:03 IST" duration-ms="12716" status="PASS">
          <params>
            <param index="0">
              <value>
                <![CDATA[]]>
              </value>
            </param>
            <param index="1">
              <value>
                <![CDATA[]]>
              </value>
            </param>
            <param index="2">
              <value>
                <![CDATA[]]>
              </value>
            </param>
          </params>
          <reporter-output>
          </reporter-output>
        </test-method> <!-- VerifyLoginDDT -->
        <test-method signature="VerifyLoginDDT(java.lang.String,java.lang.String,java.lang.String)[pri:0, instance:testCases.TC0003_LoginTest_DDT@4bdeaabb]" started-at="2025-09-02T08:49:03 IST" name="VerifyLoginDDT" data-provider="LoginData" finished-at="2025-09-02T08:49:15 IST" duration-ms="12332" status="PASS">
          <params>
            <param index="0">
              <value>
                <![CDATA[]]>
              </value>
            </param>
            <param index="1">
              <value>
                <![CDATA[]]>
              </value>
            </param>
            <param index="2">
              <value>
                <![CDATA[]]>
              </value>
            </param>
          </params>
          <reporter-output>
          </reporter-output>
        </test-method> <!-- VerifyLoginDDT -->
        <test-method signature="VerifyLoginDDT(java.lang.String,java.lang.String,java.lang.String)[pri:0, instance:testCases.TC0003_LoginTest_DDT@4bdeaabb]" started-at="2025-09-02T08:49:15 IST" name="VerifyLoginDDT" data-provider="LoginData" finished-at="2025-09-02T08:49:28 IST" duration-ms="12698" status="PASS">
          <params>
            <param index="0">
              <value>
                <![CDATA[]]>
              </value>
            </param>
            <param index="1">
              <value>
                <![CDATA[]]>
              </value>
            </param>
            <param index="2">
              <value>
                <![CDATA[]]>
              </value>
            </param>
          </params>
          <reporter-output>
          </reporter-output>
        </test-method> <!-- VerifyLoginDDT -->
        <test-method signature="VerifyLoginDDT(java.lang.String,java.lang.String,java.lang.String)[pri:0, instance:testCases.TC0003_LoginTest_DDT@4bdeaabb]" started-at="2025-09-02T08:49:28 IST" name="VerifyLoginDDT" data-provider="LoginData" finished-at="2025-09-02T08:49:41 IST" duration-ms="12820" status="PASS">
          <params>
            <param index="0">
              <value>
                <![CDATA[]]>
              </value>
            </param>
            <param index="1">
              <value>
                <![CDATA[]]>
              </value>
            </param>
            <param index="2">
              <value>
                <![CDATA[]]>
              </value>
            </param>
          </params>
          <reporter-output>
          </reporter-output>
        </test-method> <!-- VerifyLoginDDT -->
        <test-method signature="VerifyLoginDDT(java.lang.String,java.lang.String,java.lang.String)[pri:0, instance:testCases.TC0003_LoginTest_DDT@4bdeaabb]" started-at="2025-09-02T08:49:41 IST" name="VerifyLoginDDT" data-provider="LoginData" finished-at="2025-09-02T08:49:53 IST" duration-ms="12746" status="PASS">
          <params>
            <param index="0">
              <value>
                <![CDATA[]]>
              </value>
            </param>
            <param index="1">
              <value>
                <![CDATA[]]>
              </value>
            </param>
            <param index="2">
              <value>
                <![CDATA[]]>
              </value>
            </param>
          </params>
          <reporter-output>
          </reporter-output>
        </test-method> <!-- VerifyLoginDDT -->
        <test-method signature="VerifyLoginDDT(java.lang.String,java.lang.String,java.lang.String)[pri:0, instance:testCases.TC0003_LoginTest_DDT@4bdeaabb]" started-at="2025-09-02T08:49:53 IST" name="VerifyLoginDDT" data-provider="LoginData" finished-at="2025-09-02T08:50:06 IST" duration-ms="12706" status="PASS">
          <params>
            <param index="0">
              <value>
                <![CDATA[]]>
              </value>
            </param>
            <param index="1">
              <value>
                <![CDATA[]]>
              </value>
            </param>
            <param index="2">
              <value>
                <![CDATA[]]>
              </value>
            </param>
          </params>
          <reporter-output>
          </reporter-output>
        </test-method> <!-- VerifyLoginDDT -->
        <test-method signature="VerifyLoginDDT(java.lang.String,java.lang.String,java.lang.String)[pri:0, instance:testCases.TC0003_LoginTest_DDT@4bdeaabb]" started-at="2025-09-02T08:50:06 IST" name="VerifyLoginDDT" data-provider="LoginData" finished-at="2025-09-02T08:50:19 IST" duration-ms="12653" status="PASS">
          <params>
            <param index="0">
              <value>
                <![CDATA[]]>
              </value>
            </param>
            <param index="1">
              <value>
                <![CDATA[]]>
              </value>
            </param>
            <param index="2">
              <value>
                <![CDATA[]]>
              </value>
            </param>
          </params>
          <reporter-output>
          </reporter-output>
        </test-method> <!-- VerifyLoginDDT -->
        <test-method is-config="true" signature="tearDown()[pri:0, instance:testCases.TC0003_LoginTest_DDT@4bdeaabb]" started-at="2025-09-02T08:50:19 IST" name="tearDown" finished-at="2025-09-02T08:50:19 IST" duration-ms="1" status="PASS">
          <reporter-output>
          </reporter-output>
        </test-method> <!-- tearDown -->
      </class> <!-- testCases.TC0003_LoginTest_DDT -->
      <class name="testCases.TC0002_Valid_LoginTest">
        <test-method is-config="true" signature="setup(java.lang.String,java.lang.String)[pri:0, instance:testCases.TC0002_Valid_LoginTest@5a59ca5e]" started-at="2025-09-02T08:46:07 IST" name="setup" finished-at="2025-09-02T08:46:16 IST" duration-ms="8993" status="PASS">
          <params>
            <param index="0">
              <value>
                <![CDATA[Windows]]>
              </value>
            </param>
            <param index="1">
              <value>
                <![CDATA[chrome]]>
              </value>
            </param>
          </params>
          <reporter-output>
          </reporter-output>
        </test-method> <!-- setup -->
        <test-method signature="ValidLoginCheck()[pri:0, instance:testCases.TC0002_Valid_LoginTest@5a59ca5e]" started-at="2025-09-02T08:46:16 IST" name="ValidLoginCheck" finished-at="2025-09-02T08:46:23 IST" duration-ms="6605" status="PASS">
          <reporter-output>
          </reporter-output>
        </test-method> <!-- ValidLoginCheck -->
        <test-method is-config="true" signature="tearDown()[pri:0, instance:testCases.TC0002_Valid_LoginTest@5a59ca5e]" started-at="2025-09-02T08:46:23 IST" name="tearDown" finished-at="2025-09-02T08:46:23 IST" duration-ms="0" status="PASS">
          <reporter-output>
          </reporter-output>
        </test-method> <!-- tearDown -->
      </class> <!-- testCases.TC0002_Valid_LoginTest -->
      <class name="testCases.TC0001_LoginTest">
        <test-method is-config="true" signature="setup(java.lang.String,java.lang.String)[pri:0, instance:testCases.TC0001_LoginTest@4c163e3]" started-at="2025-09-02T08:45:55 IST" name="setup" finished-at="2025-09-02T08:46:02 IST" duration-ms="7393" status="PASS">
          <params>
            <param index="0">
              <value>
                <![CDATA[Windows]]>
              </value>
            </param>
            <param index="1">
              <value>
                <![CDATA[chrome]]>
              </value>
            </param>
          </params>
          <reporter-output>
          </reporter-output>
        </test-method> <!-- setup -->
        <test-method signature="Invalidlogincheck()[pri:0, instance:testCases.TC0001_LoginTest@4c163e3]" started-at="2025-09-02T08:46:02 IST" name="Invalidlogincheck" finished-at="2025-09-02T08:46:07 IST" duration-ms="5044" status="PASS">
          <reporter-output>
          </reporter-output>
        </test-method> <!-- Invalidlogincheck -->
        <test-method is-config="true" signature="tearDown()[pri:0, instance:testCases.TC0001_LoginTest@4c163e3]" started-at="2025-09-02T08:46:07 IST" name="tearDown" finished-at="2025-09-02T08:46:07 IST" duration-ms="4" status="PASS">
          <reporter-output>
          </reporter-output>
        </test-method> <!-- tearDown -->
      </class> <!-- testCases.TC0001_LoginTest -->
    </test> <!-- Test -->
  </suite> <!-- Suite -->
</testng-results>
